<?xml version="1.0" encoding="UTF-8"?>
<testsuite name="net.tt1.MyDocumentsBeanConfigurationTest" tests="2" skipped="0" failures="0" errors="0" timestamp="2018-02-26T06:55:39" hostname="tt1-d12c" time="0.664">
  <properties/>
  <testcase name="testWithBeanConfigurationListAll" classname="net.tt1.MyDocumentsBeanConfigurationTest" time="0.635"/>
  <testcase name="testWithBeanConfigurationByType" classname="net.tt1.MyDocumentsBeanConfigurationTest" time="0.025"/>
  <system-out><![CDATA[]]></system-out>
  <system-err><![CDATA[Feb 26, 2018 1:55:39 PM org.springframework.context.annotation.AnnotationConfigApplicationContext prepareRefresh
INFO: Refreshing org.springframework.context.annotation.AnnotationConfigApplicationContext@8a460f2: startup date [Mon Feb 26 13:55:39 ICT 2018]; root of context hierarchy
Feb 26, 2018 1:55:40 PM org.springframework.context.annotation.AnnotationConfigApplicationContext prepareRefresh
INFO: Refreshing org.springframework.context.annotation.AnnotationConfigApplicationContext@24790dae: startup date [Mon Feb 26 13:55:40 ICT 2018]; root of context hierarchy
]]></system-err>
</testsuite>
