<?xml version="1.0" encoding="UTF-8"?>
<testsuite name="net.tt1.MyDocumentsBeanDefinitionReaderTest" tests="2" skipped="0" failures="0" errors="0" timestamp="2018-02-26T06:55:40" hostname="tt1-d12c" time="0.975">
  <properties/>
  <testcase name="testWithGroovyFindByType" classname="net.tt1.MyDocumentsBeanDefinitionReaderTest" time="0.893"/>
  <testcase name="testWithGroovyListAll" classname="net.tt1.MyDocumentsBeanDefinitionReaderTest" time="0.081"/>
  <system-out><![CDATA[]]></system-out>
  <system-err><![CDATA[Feb 26, 2018 1:55:41 PM org.springframework.context.support.GenericGroovyApplicationContext prepareRefresh
INFO: Refreshing org.springframework.context.support.GenericGroovyApplicationContext@6f3c540b: startup date [Mon Feb 26 13:55:41 ICT 2018]; root of context hierarchy
Feb 26, 2018 1:55:41 PM org.springframework.context.support.GenericGroovyApplicationContext prepareRefresh
INFO: Refreshing org.springframework.context.support.GenericGroovyApplicationContext@32b5582b: startup date [Mon Feb 26 13:55:41 ICT 2018]; root of context hierarchy
]]></system-err>
</testsuite>
